{"name": "test_add", "status": "failed", "statusDetails": {"message": "AssertionError: assert None == '= 10'\n  -None\n  +'= 10'", "trace": "self = <test_cal.TestCalculate object at 0x0000017D75201C70>\n\n    def test_add(self):\n        self.calculate_page.click_num(9)\n        self.calculate_page.click_add()\n        self.calculate_page.click_num(1)\n        self.calculate_page.click_equal()\n        result = self.calculate_page.get_result()\n>       assert result == '= 10'\nE       AssertionError: assert None == '= 10'\nE         -None\nE         +'= 10'\n\nscripts\\test_cal.py:19: AssertionError"}, "start": 1593068207205, "stop": 1593068210940, "uuid": "11981508-9f4d-4070-8cd9-aeacdeaed30c", "historyId": "347c751b257b3fb7039ddb350abcd9d2", "testCaseId": "c9a7c990a4304233b7dd548e249bddd1", "fullName": "scripts.test_cal.TestCalculate#test_add", "labels": [{"name": "parentSuite", "value": "scripts"}, {"name": "suite", "value": "test_cal"}, {"name": "subSuite", "value": "TestCalculate"}, {"name": "host", "value": "LAPTOP-7ES49RD3"}, {"name": "thread", "value": "8180-MainThread"}, {"name": "framework", "value": "pytest"}, {"name": "language", "value": "cpython3"}, {"name": "package", "value": "scripts.test_cal"}]}