{"name": "test_substract", "status": "failed", "statusDetails": {"message": "AssertionError: assert None == '= 8'\n  -None\n  +'= 8'", "trace": "self = <test_cal.TestCalculate object at 0x0000017D752AA7F0>\n\n    def test_substract(self):\n        self.calculate_page.click_num(9)\n        self.calculate_page.click_substract()\n        self.calculate_page.click_num(1)\n        self.calculate_page.click_equal()\n        result = self.calculate_page.get_result()\n>       assert result == '= 8'\nE       AssertionError: assert None == '= 8'\nE         -None\nE         +'= 8'\n\nscripts\\test_cal.py:28: AssertionError"}, "start": 1593068211130, "stop": 1593068214891, "uuid": "54533d28-6079-4479-b0c4-a7b5b4878ca4", "historyId": "196d933c068e21084a3602726760343a", "testCaseId": "ca78dc1ca47625e477e47f6366540550", "fullName": "scripts.test_cal.TestCalculate#test_substract", "labels": [{"name": "parentSuite", "value": "scripts"}, {"name": "suite", "value": "test_cal"}, {"name": "subSuite", "value": "TestCalculate"}, {"name": "host", "value": "LAPTOP-7ES49RD3"}, {"name": "thread", "value": "8180-MainThread"}, {"name": "framework", "value": "pytest"}, {"name": "language", "value": "cpython3"}, {"name": "package", "value": "scripts.test_cal"}]}