{"name": "test_substract", "status": "failed", "statusDetails": {"message": "AssertionError: assert '= 98' == '= 8'\n  - = 98\n  ?   -\n  + = 8", "trace": "self = <test_cal.TestCalculate object at 0x000002C91DB31D00>\n\n    def test_substract(self):\n        self.calculate_page.click_num(9)\n        self.calculate_page.click_substract()\n        self.calculate_page.click_num(1)\n        self.calculate_page.click_equal()\n        result = self.calculate_page.get_result()\n>       assert result == '= 8'\nE       AssertionError: assert '= 98' == '= 8'\nE         - = 98\nE         ?   -\nE         + = 8\n\nscripts\\test_cal.py:28: AssertionError"}, "start": 1593058073271, "stop": 1593058078942, "uuid": "9cb12f11-b130-4097-bff1-f5d85c615278", "historyId": "196d933c068e21084a3602726760343a", "testCaseId": "ca78dc1ca47625e477e47f6366540550", "fullName": "scripts.test_cal.TestCalculate#test_substract", "labels": [{"name": "parentSuite", "value": "scripts"}, {"name": "suite", "value": "test_cal"}, {"name": "subSuite", "value": "TestCalculate"}, {"name": "host", "value": "LAPTOP-7ES49RD3"}, {"name": "thread", "value": "23484-MainThread"}, {"name": "framework", "value": "pytest"}, {"name": "language", "value": "cpython3"}, {"name": "package", "value": "scripts.test_cal"}]}