{"name": "test_div", "status": "failed", "statusDetails": {"message": "AssertionError: assert None == '= 9'\n  -None\n  +'= 9'", "trace": "self = <test_cal.TestCalculate object at 0x0000017D752BC280>\n\n    def test_div(self):\n        self.calculate_page.click_num(9)\n        self.calculate_page.click_div()\n        self.calculate_page.click_num(1)\n        self.calculate_page.click_equal()\n        result = self.calculate_page.get_result()\n>       assert result == '= 9'\nE       AssertionError: assert None == '= 9'\nE         -None\nE         +'= 9'\n\nscripts\\test_cal.py:46: AssertionError"}, "start": 1593068219453, "stop": 1593068223581, "uuid": "eb41b007-efaa-4a8f-94a2-dbc6717cee5f", "historyId": "9c04813a16f0060315d3a55f51eca415", "testCaseId": "c700d2a1de8e5e907e521d32fc01b810", "fullName": "scripts.test_cal.TestCalculate#test_div", "labels": [{"name": "parentSuite", "value": "scripts"}, {"name": "suite", "value": "test_cal"}, {"name": "subSuite", "value": "TestCalculate"}, {"name": "host", "value": "LAPTOP-7ES49RD3"}, {"name": "thread", "value": "8180-MainThread"}, {"name": "framework", "value": "pytest"}, {"name": "language", "value": "cpython3"}, {"name": "package", "value": "scripts.test_cal"}]}