{"name": "test_multi", "status": "failed", "statusDetails": {"message": "AssertionError: assert None == '= 9'\n  -None\n  +'= 9'", "trace": "self = <test_cal.TestCalculate object at 0x0000017D75255100>\n\n    def test_multi(self):\n        self.calculate_page.click_num(9)\n        self.calculate_page.click_mulit()\n        self.calculate_page.click_num(1)\n        self.calculate_page.click_equal()\n        result = self.calculate_page.get_result()\n>       assert result == '= 9'\nE       AssertionError: assert None == '= 9'\nE         -None\nE         +'= 9'\n\nscripts\\test_cal.py:37: AssertionError"}, "start": 1593068214915, "stop": 1593068219430, "uuid": "0dd75536-b11d-433e-9cbb-ffc6379b353f", "historyId": "9c7ff39af6248d4ecc47f436a7f8608a", "testCaseId": "a9695b0b4305c3d1e9c548f0e6436d99", "fullName": "scripts.test_cal.TestCalculate#test_multi", "labels": [{"name": "parentSuite", "value": "scripts"}, {"name": "suite", "value": "test_cal"}, {"name": "subSuite", "value": "TestCalculate"}, {"name": "host", "value": "LAPTOP-7ES49RD3"}, {"name": "thread", "value": "8180-MainThread"}, {"name": "framework", "value": "pytest"}, {"name": "language", "value": "cpython3"}, {"name": "package", "value": "scripts.test_cal"}]}